<?xml version="1.0" encoding="UTF-8"?>
<!-- Generated by org.testng.reporters.JUnitReportReporter -->
<testsuite hostname="Rolex-PC" failures="0" tests="1" name="com.OpenCart.testCases.TC001_Register" time="1.562" errors="0" timestamp="2022-08-10T13:04:59 IST" skipped="0">
  <testcase classname="com.OpenCart.testCases.TC001_Register" name="Register" time="1.562"/>
  <system-out/>
</testsuite> <!-- com.OpenCart.testCases.TC001_Register -->
