<?xml version="1.0" encoding="UTF-8"?>
<!-- Generated by org.testng.reporters.JUnitReportReporter -->
<testsuite hostname="Rolex-PC" failures="0" tests="1" name="com.OpenCart.testCases.TC001_Register" time="3.636" errors="0" timestamp="2022-08-10T18:20:02 IST" skipped="0">
  <testcase classname="com.OpenCart.testCases.TC001_Register" name="Register" time="3.636"/>
  <system-out/>
</testsuite> <!-- com.OpenCart.testCases.TC001_Register -->
